  Gaia.cpp
C:\Users\ASIAS\Desktop\SSU\SSUServer\SSUServer\Gaia.cpp(44,14): warning C4156: 'delete' 배열 형식을 사용하지 않고 배열 식을 삭제했습니다. 배열 형식이 대체됩니다.
C:\Users\ASIAS\Desktop\SSU\SSUServer\SSUServer\Gaia.cpp(44,14): warning C4154: 배열 식을 삭제했습니다. 포인터로 변환이 제공됩니다.
C:\Users\ASIAS\Desktop\SSU\SSUServer\SSUServer\Gaia.cpp(258,108): warning C4244: '인수': 'float'에서 'int'(으)로 변환하면서 데이터가 손실될 수 있습니다.
C:\Users\ASIAS\Desktop\SSU\SSUServer\SSUServer\Gaia.cpp(258,93): warning C4244: '인수': 'float'에서 'int'(으)로 변환하면서 데이터가 손실될 수 있습니다.
C:\Users\ASIAS\Desktop\SSU\SSUServer\SSUServer\Gaia.cpp(258,78): warning C4244: '인수': 'float'에서 'int'(으)로 변환하면서 데이터가 손실될 수 있습니다.
C:\Users\ASIAS\Desktop\SSU\SSUServer\SSUServer\Gaia.cpp(258,51): warning C4244: '인수': 'float'에서 'int'(으)로 변환하면서 데이터가 손실될 수 있습니다.
C:\Users\ASIAS\Desktop\SSU\SSUServer\SSUServer\Gaia.cpp(262,16): warning C4244: '인수': '_Ty1'에서 'float'(으)로 변환하면서 데이터가 손실될 수 있습니다.
          with
          [
              _Ty1=int
          ]
C:\Users\ASIAS\Desktop\SSU\SSUServer\SSUServer\Gaia.cpp(263,16): warning C4244: '인수': '_Ty2'에서 'float'(으)로 변환하면서 데이터가 손실될 수 있습니다.
          with
          [
              _Ty2=int
          ]
C:\Users\ASIAS\Desktop\SSU\SSUServer\SSUServer\Gaia.cpp(299,49): warning C4244: '=': 'float'에서 '_Ty1'(으)로 변환하면서 데이터가 손실될 수 있습니다.
          with
          [
              _Ty1=int
          ]
C:\Users\ASIAS\Desktop\SSU\SSUServer\SSUServer\Gaia.cpp(300,50): warning C4244: '=': 'float'에서 '_Ty2'(으)로 변환하면서 데이터가 손실될 수 있습니다.
          with
          [
              _Ty2=int
          ]
C:\Users\ASIAS\Desktop\SSU\SSUServer\SSUServer\Gaia.cpp(302,49): warning C4244: '=': 'float'에서 '_Ty1'(으)로 변환하면서 데이터가 손실될 수 있습니다.
          with
          [
              _Ty1=int
          ]
C:\Users\ASIAS\Desktop\SSU\SSUServer\SSUServer\Gaia.cpp(303,50): warning C4244: '=': 'float'에서 '_Ty2'(으)로 변환하면서 데이터가 손실될 수 있습니다.
          with
          [
              _Ty2=int
          ]
C:\Users\ASIAS\Desktop\SSU\SSUServer\SSUServer\Gaia.cpp(305,49): warning C4244: '=': 'float'에서 '_Ty1'(으)로 변환하면서 데이터가 손실될 수 있습니다.
          with
          [
              _Ty1=int
          ]
C:\Users\ASIAS\Desktop\SSU\SSUServer\SSUServer\Gaia.cpp(306,50): warning C4244: '=': 'float'에서 '_Ty2'(으)로 변환하면서 데이터가 손실될 수 있습니다.
          with
          [
              _Ty2=int
          ]
C:\Users\ASIAS\Desktop\SSU\SSUServer\SSUServer\Gaia.cpp(308,49): warning C4244: '=': 'float'에서 '_Ty1'(으)로 변환하면서 데이터가 손실될 수 있습니다.
          with
          [
              _Ty1=int
          ]
C:\Users\ASIAS\Desktop\SSU\SSUServer\SSUServer\Gaia.cpp(309,50): warning C4244: '=': 'float'에서 '_Ty2'(으)로 변환하면서 데이터가 손실될 수 있습니다.
          with
          [
              _Ty2=int
          ]
C:\Users\ASIAS\Desktop\SSU\SSUServer\SSUServer\Gaia.cpp(709,46): warning C4244: '-=': 'float'에서 '_Ty1'(으)로 변환하면서 데이터가 손실될 수 있습니다.
          with
          [
              _Ty1=int
          ]
C:\Users\ASIAS\Desktop\SSU\SSUServer\SSUServer\Gaia.cpp(710,47): warning C4244: '-=': 'float'에서 '_Ty2'(으)로 변환하면서 데이터가 손실될 수 있습니다.
          with
          [
              _Ty2=int
          ]
C:\Users\ASIAS\Desktop\SSU\SSUServer\SSUServer\Gaia.cpp(713,47): warning C4244: '-=': 'float'에서 '_Ty1'(으)로 변환하면서 데이터가 손실될 수 있습니다.
          with
          [
              _Ty1=int
          ]
C:\Users\ASIAS\Desktop\SSU\SSUServer\SSUServer\Gaia.cpp(714,48): warning C4244: '-=': 'float'에서 '_Ty2'(으)로 변환하면서 데이터가 손실될 수 있습니다.
          with
          [
              _Ty2=int
          ]
C:\Users\ASIAS\Desktop\SSU\SSUServer\SSUServer\Gaia.cpp(721,46): warning C4244: '+=': 'float'에서 '_Ty1'(으)로 변환하면서 데이터가 손실될 수 있습니다.
          with
          [
              _Ty1=int
          ]
C:\Users\ASIAS\Desktop\SSU\SSUServer\SSUServer\Gaia.cpp(722,47): warning C4244: '-=': 'float'에서 '_Ty2'(으)로 변환하면서 데이터가 손실될 수 있습니다.
          with
          [
              _Ty2=int
          ]
C:\Users\ASIAS\Desktop\SSU\SSUServer\SSUServer\Gaia.cpp(726,47): warning C4244: '+=': 'float'에서 '_Ty1'(으)로 변환하면서 데이터가 손실될 수 있습니다.
          with
          [
              _Ty1=int
          ]
C:\Users\ASIAS\Desktop\SSU\SSUServer\SSUServer\Gaia.cpp(727,48): warning C4244: '-=': 'float'에서 '_Ty2'(으)로 변환하면서 데이터가 손실될 수 있습니다.
          with
          [
              _Ty2=int
          ]
C:\Users\ASIAS\Desktop\SSU\SSUServer\SSUServer\Gaia.cpp(733,46): warning C4244: '+=': 'float'에서 '_Ty1'(으)로 변환하면서 데이터가 손실될 수 있습니다.
          with
          [
              _Ty1=int
          ]
C:\Users\ASIAS\Desktop\SSU\SSUServer\SSUServer\Gaia.cpp(734,47): warning C4244: '+=': 'float'에서 '_Ty2'(으)로 변환하면서 데이터가 손실될 수 있습니다.
          with
          [
              _Ty2=int
          ]
C:\Users\ASIAS\Desktop\SSU\SSUServer\SSUServer\Gaia.cpp(737,47): warning C4244: '+=': 'float'에서 '_Ty1'(으)로 변환하면서 데이터가 손실될 수 있습니다.
          with
          [
              _Ty1=int
          ]
C:\Users\ASIAS\Desktop\SSU\SSUServer\SSUServer\Gaia.cpp(738,48): warning C4244: '+=': 'float'에서 '_Ty2'(으)로 변환하면서 데이터가 손실될 수 있습니다.
          with
          [
              _Ty2=int
          ]
C:\Users\ASIAS\Desktop\SSU\SSUServer\SSUServer\Gaia.cpp(744,46): warning C4244: '-=': 'float'에서 '_Ty1'(으)로 변환하면서 데이터가 손실될 수 있습니다.
          with
          [
              _Ty1=int
          ]
C:\Users\ASIAS\Desktop\SSU\SSUServer\SSUServer\Gaia.cpp(745,47): warning C4244: '+=': 'float'에서 '_Ty2'(으)로 변환하면서 데이터가 손실될 수 있습니다.
          with
          [
              _Ty2=int
          ]
C:\Users\ASIAS\Desktop\SSU\SSUServer\SSUServer\Gaia.cpp(748,47): warning C4244: '-=': 'float'에서 '_Ty1'(으)로 변환하면서 데이터가 손실될 수 있습니다.
          with
          [
              _Ty1=int
          ]
C:\Users\ASIAS\Desktop\SSU\SSUServer\SSUServer\Gaia.cpp(749,48): warning C4244: '+=': 'float'에서 '_Ty2'(으)로 변환하면서 데이터가 손실될 수 있습니다.
          with
          [
              _Ty2=int
          ]
C:\Users\ASIAS\Desktop\SSU\SSUServer\SSUServer\Gaia.cpp(807,59): warning C4244: '+=': 'float'에서 '_Ty1'(으)로 변환하면서 데이터가 손실될 수 있습니다.
          with
          [
              _Ty1=int
          ]
C:\Users\ASIAS\Desktop\SSU\SSUServer\SSUServer\Gaia.cpp(808,60): warning C4244: '+=': 'float'에서 '_Ty2'(으)로 변환하면서 데이터가 손실될 수 있습니다.
          with
          [
              _Ty2=int
          ]
C:\Program Files (x86)\Microsoft Visual Studio\2019\Community\VC\Tools\MSVC\14.29.30133\include\utility(193,16): warning C4244: '초기화 중': '_Ty'에서 '_Ty1'(으)로 변환하면서 데이터가 손실될 수 있습니다.
          with
          [
              _Ty=float
          ]
          and
          [
              _Ty1=int
          ]
C:\Users\ASIAS\Desktop\SSU\SSUServer\SSUServer\Gaia.cpp(461): message : 컴파일되는 함수 템플릿 인스턴스화 'std::pair<int,int>::pair<float,float,0>(_Other1 &&,_Other2 &&) noexcept'에 대한 참조를 확인하세요.
          with
          [
              _Other1=float,
              _Other2=float
          ]
C:\Users\ASIAS\Desktop\SSU\SSUServer\SSUServer\Gaia.cpp(461): message : 컴파일되는 함수 템플릿 인스턴스화 'std::pair<int,int>::pair<float,float,0>(_Other1 &&,_Other2 &&) noexcept'에 대한 참조를 확인하세요.
          with
          [
              _Other1=float,
              _Other2=float
          ]
C:\Program Files (x86)\Microsoft Visual Studio\2019\Community\VC\Tools\MSVC\14.29.30133\include\utility(193,54): warning C4244: '초기화 중': '_Ty'에서 '_Ty2'(으)로 변환하면서 데이터가 손실될 수 있습니다.
          with
          [
              _Ty=float
          ]
          and
          [
              _Ty2=int
          ]
C:\Program Files (x86)\Microsoft Visual Studio\2019\Community\VC\Tools\MSVC\14.29.30133\include\utility(193,16): warning C4244: '초기화 중': '_Ty'에서 '_Ty1'(으)로 변환하면서 데이터가 손실될 수 있습니다.
          with
          [
              _Ty=double
          ]
          and
          [
              _Ty1=int
          ]
C:\Users\ASIAS\Desktop\SSU\SSUServer\SSUServer\Gaia.cpp(778): message : 컴파일되는 함수 템플릿 인스턴스화 'std::pair<int,int>::pair<double,double,0>(_Other1 &&,_Other2 &&) noexcept'에 대한 참조를 확인하세요.
          with
          [
              _Other1=double,
              _Other2=double
          ]
C:\Users\ASIAS\Desktop\SSU\SSUServer\SSUServer\Gaia.cpp(778): message : 컴파일되는 함수 템플릿 인스턴스화 'std::pair<int,int>::pair<double,double,0>(_Other1 &&,_Other2 &&) noexcept'에 대한 참조를 확인하세요.
          with
          [
              _Other1=double,
              _Other2=double
          ]
C:\Program Files (x86)\Microsoft Visual Studio\2019\Community\VC\Tools\MSVC\14.29.30133\include\utility(193,54): warning C4244: '초기화 중': '_Ty'에서 '_Ty2'(으)로 변환하면서 데이터가 손실될 수 있습니다.
          with
          [
              _Ty=double
          ]
          and
          [
              _Ty2=int
          ]
LINK : warning LNK4098: 'LIBCMT' defaultlib가 다른 라이브러리와 충돌합니다. /NODEFAULTLIB:library를 사용하십시오.
  코드를 생성하고 있습니다.
  Previous IPDB and IOBJ mismatch, fall back to full compilation.
  All 1055 functions were compiled because no usable IPDB/IOBJ from previous compilation was found.
  코드를 생성했습니다.
  SSUServer.vcxproj -> C:\Users\ASIAS\Desktop\SSU\SSUServer\x64\Release\SSUServer.exe
