  client.cpp
C:\Users\정의범\Downloads\SSU-main (1)\SSU-main\SSU_Server_Client\client_sample\client.cpp(465,23): warning C4553: '==': 식의 결과가 사용되지 않습니다. '='을(를) 의도했습니까?
C:\Users\정의범\Downloads\SSU-main (1)\SSU-main\SSU_Server_Client\client_sample\client.cpp(470,21): warning C4553: '==': 식의 결과가 사용되지 않습니다. '='을(를) 의도했습니까?
sfml-graphics-s-d.lib(BlendMode.cpp.obj) : warning LNK4099: 'sfml-graphics-s-d.pdb' PDB를 'sfml-graphics-s-d.lib(BlendMode.cpp.obj)' 또는 'C:\Users\정의범\Downloads\SSU-main (1)\SSU-main\SSU_Server_Client\x64\Debug\sfml-graphics-s-d.pdb'에서 찾을 수 없습니다. 디버그 정보가 없는 것처럼 개체를 링크합니다.
sfml-graphics-s-d.lib(Color.cpp.obj) : warning LNK4099: 'sfml-graphics-s-d.pdb' PDB를 'sfml-graphics-s-d.lib(Color.cpp.obj)' 또는 'C:\Users\정의범\Downloads\SSU-main (1)\SSU-main\SSU_Server_Client\x64\Debug\sfml-graphics-s-d.pdb'에서 찾을 수 없습니다. 디버그 정보가 없는 것처럼 개체를 링크합니다.
sfml-graphics-s-d.lib(Font.cpp.obj) : warning LNK4099: 'sfml-graphics-s-d.pdb' PDB를 'sfml-graphics-s-d.lib(Font.cpp.obj)' 또는 'C:\Users\정의범\Downloads\SSU-main (1)\SSU-main\SSU_Server_Client\x64\Debug\sfml-graphics-s-d.pdb'에서 찾을 수 없습니다. 디버그 정보가 없는 것처럼 개체를 링크합니다.
sfml-graphics-s-d.lib(Glsl.cpp.obj) : warning LNK4099: 'sfml-graphics-s-d.pdb' PDB를 'sfml-graphics-s-d.lib(Glsl.cpp.obj)' 또는 'C:\Users\정의범\Downloads\SSU-main (1)\SSU-main\SSU_Server_Client\x64\Debug\sfml-graphics-s-d.pdb'에서 찾을 수 없습니다. 디버그 정보가 없는 것처럼 개체를 링크합니다.
sfml-graphics-s-d.lib(GLCheck.cpp.obj) : warning LNK4099: 'sfml-graphics-s-d.pdb' PDB를 'sfml-graphics-s-d.lib(GLCheck.cpp.obj)' 또는 'C:\Users\정의범\Downloads\SSU-main (1)\SSU-main\SSU_Server_Client\x64\Debug\sfml-graphics-s-d.pdb'에서 찾을 수 없습니다. 디버그 정보가 없는 것처럼 개체를 링크합니다.
sfml-graphics-s-d.lib(GLExtensions.cpp.obj) : warning LNK4099: 'sfml-graphics-s-d.pdb' PDB를 'sfml-graphics-s-d.lib(GLExtensions.cpp.obj)' 또는 'C:\Users\정의범\Downloads\SSU-main (1)\SSU-main\SSU_Server_Client\x64\Debug\sfml-graphics-s-d.pdb'에서 찾을 수 없습니다. 디버그 정보가 없는 것처럼 개체를 링크합니다.
sfml-graphics-s-d.lib(Image.cpp.obj) : warning LNK4099: 'sfml-graphics-s-d.pdb' PDB를 'sfml-graphics-s-d.lib(Image.cpp.obj)' 또는 'C:\Users\정의범\Downloads\SSU-main (1)\SSU-main\SSU_Server_Client\x64\Debug\sfml-graphics-s-d.pdb'에서 찾을 수 없습니다. 디버그 정보가 없는 것처럼 개체를 링크합니다.
sfml-graphics-s-d.lib(ImageLoader.cpp.obj) : warning LNK4099: 'sfml-graphics-s-d.pdb' PDB를 'sfml-graphics-s-d.lib(ImageLoader.cpp.obj)' 또는 'C:\Users\정의범\Downloads\SSU-main (1)\SSU-main\SSU_Server_Client\x64\Debug\sfml-graphics-s-d.pdb'에서 찾을 수 없습니다. 디버그 정보가 없는 것처럼 개체를 링크합니다.
sfml-graphics-s-d.lib(RenderStates.cpp.obj) : warning LNK4099: 'sfml-graphics-s-d.pdb' PDB를 'sfml-graphics-s-d.lib(RenderStates.cpp.obj)' 또는 'C:\Users\정의범\Downloads\SSU-main (1)\SSU-main\SSU_Server_Client\x64\Debug\sfml-graphics-s-d.pdb'에서 찾을 수 없습니다. 디버그 정보가 없는 것처럼 개체를 링크합니다.
sfml-graphics-s-d.lib(RenderTarget.cpp.obj) : warning LNK4099: 'sfml-graphics-s-d.pdb' PDB를 'sfml-graphics-s-d.lib(RenderTarget.cpp.obj)' 또는 'C:\Users\정의범\Downloads\SSU-main (1)\SSU-main\SSU_Server_Client\x64\Debug\sfml-graphics-s-d.pdb'에서 찾을 수 없습니다. 디버그 정보가 없는 것처럼 개체를 링크합니다.
sfml-graphics-s-d.lib(RenderWindow.cpp.obj) : warning LNK4099: 'sfml-graphics-s-d.pdb' PDB를 'sfml-graphics-s-d.lib(RenderWindow.cpp.obj)' 또는 'C:\Users\정의범\Downloads\SSU-main (1)\SSU-main\SSU_Server_Client\x64\Debug\sfml-graphics-s-d.pdb'에서 찾을 수 없습니다. 디버그 정보가 없는 것처럼 개체를 링크합니다.
sfml-graphics-s-d.lib(Shader.cpp.obj) : warning LNK4099: 'sfml-graphics-s-d.pdb' PDB를 'sfml-graphics-s-d.lib(Shader.cpp.obj)' 또는 'C:\Users\정의범\Downloads\SSU-main (1)\SSU-main\SSU_Server_Client\x64\Debug\sfml-graphics-s-d.pdb'에서 찾을 수 없습니다. 디버그 정보가 없는 것처럼 개체를 링크합니다.
sfml-graphics-s-d.lib(Texture.cpp.obj) : warning LNK4099: 'sfml-graphics-s-d.pdb' PDB를 'sfml-graphics-s-d.lib(Texture.cpp.obj)' 또는 'C:\Users\정의범\Downloads\SSU-main (1)\SSU-main\SSU_Server_Client\x64\Debug\sfml-graphics-s-d.pdb'에서 찾을 수 없습니다. 디버그 정보가 없는 것처럼 개체를 링크합니다.
sfml-graphics-s-d.lib(TextureSaver.cpp.obj) : warning LNK4099: '' PDB를 'sfml-graphics-s-d.lib(TextureSaver.cpp.obj)' 또는 ''에서 찾을 수 없습니다. 디버그 정보가 없는 것처럼 개체를 링크합니다.
sfml-graphics-s-d.lib(Transform.cpp.obj) : warning LNK4099: 'sfml-graphics-s-d.pdb' PDB를 'sfml-graphics-s-d.lib(Transform.cpp.obj)' 또는 'C:\Users\정의범\Downloads\SSU-main (1)\SSU-main\SSU_Server_Client\x64\Debug\sfml-graphics-s-d.pdb'에서 찾을 수 없습니다. 디버그 정보가 없는 것처럼 개체를 링크합니다.
sfml-graphics-s-d.lib(Transformable.cpp.obj) : warning LNK4099: 'sfml-graphics-s-d.pdb' PDB를 'sfml-graphics-s-d.lib(Transformable.cpp.obj)' 또는 'C:\Users\정의범\Downloads\SSU-main (1)\SSU-main\SSU_Server_Client\x64\Debug\sfml-graphics-s-d.pdb'에서 찾을 수 없습니다. 디버그 정보가 없는 것처럼 개체를 링크합니다.
sfml-graphics-s-d.lib(View.cpp.obj) : warning LNK4099: 'sfml-graphics-s-d.pdb' PDB를 'sfml-graphics-s-d.lib(View.cpp.obj)' 또는 'C:\Users\정의범\Downloads\SSU-main (1)\SSU-main\SSU_Server_Client\x64\Debug\sfml-graphics-s-d.pdb'에서 찾을 수 없습니다. 디버그 정보가 없는 것처럼 개체를 링크합니다.
sfml-graphics-s-d.lib(Vertex.cpp.obj) : warning LNK4099: 'sfml-graphics-s-d.pdb' PDB를 'sfml-graphics-s-d.lib(Vertex.cpp.obj)' 또는 'C:\Users\정의범\Downloads\SSU-main (1)\SSU-main\SSU_Server_Client\x64\Debug\sfml-graphics-s-d.pdb'에서 찾을 수 없습니다. 디버그 정보가 없는 것처럼 개체를 링크합니다.
sfml-graphics-s-d.lib(GLLoader.cpp.obj) : warning LNK4099: 'sfml-graphics-s-d.pdb' PDB를 'sfml-graphics-s-d.lib(GLLoader.cpp.obj)' 또는 'C:\Users\정의범\Downloads\SSU-main (1)\SSU-main\SSU_Server_Client\x64\Debug\sfml-graphics-s-d.pdb'에서 찾을 수 없습니다. 디버그 정보가 없는 것처럼 개체를 링크합니다.
sfml-graphics-s-d.lib(Sprite.cpp.obj) : warning LNK4099: 'sfml-graphics-s-d.pdb' PDB를 'sfml-graphics-s-d.lib(Sprite.cpp.obj)' 또는 'C:\Users\정의범\Downloads\SSU-main (1)\SSU-main\SSU_Server_Client\x64\Debug\sfml-graphics-s-d.pdb'에서 찾을 수 없습니다. 디버그 정보가 없는 것처럼 개체를 링크합니다.
sfml-graphics-s-d.lib(Text.cpp.obj) : warning LNK4099: 'sfml-graphics-s-d.pdb' PDB를 'sfml-graphics-s-d.lib(Text.cpp.obj)' 또는 'C:\Users\정의범\Downloads\SSU-main (1)\SSU-main\SSU_Server_Client\x64\Debug\sfml-graphics-s-d.pdb'에서 찾을 수 없습니다. 디버그 정보가 없는 것처럼 개체를 링크합니다.
sfml-graphics-s-d.lib(VertexArray.cpp.obj) : warning LNK4099: 'sfml-graphics-s-d.pdb' PDB를 'sfml-graphics-s-d.lib(VertexArray.cpp.obj)' 또는 'C:\Users\정의범\Downloads\SSU-main (1)\SSU-main\SSU_Server_Client\x64\Debug\sfml-graphics-s-d.pdb'에서 찾을 수 없습니다. 디버그 정보가 없는 것처럼 개체를 링크합니다.
sfml-graphics-s-d.lib(VertexBuffer.cpp.obj) : warning LNK4099: 'sfml-graphics-s-d.pdb' PDB를 'sfml-graphics-s-d.lib(VertexBuffer.cpp.obj)' 또는 'C:\Users\정의범\Downloads\SSU-main (1)\SSU-main\SSU_Server_Client\x64\Debug\sfml-graphics-s-d.pdb'에서 찾을 수 없습니다. 디버그 정보가 없는 것처럼 개체를 링크합니다.
sfml-graphics-s-d.lib(RenderTextureImpl.cpp.obj) : warning LNK4099: 'sfml-graphics-s-d.pdb' PDB를 'sfml-graphics-s-d.lib(RenderTextureImpl.cpp.obj)' 또는 'C:\Users\정의범\Downloads\SSU-main (1)\SSU-main\SSU_Server_Client\x64\Debug\sfml-graphics-s-d.pdb'에서 찾을 수 없습니다. 디버그 정보가 없는 것처럼 개체를 링크합니다.
sfml-graphics-s-d.lib(RenderTextureImplFBO.cpp.obj) : warning LNK4099: 'sfml-graphics-s-d.pdb' PDB를 'sfml-graphics-s-d.lib(RenderTextureImplFBO.cpp.obj)' 또는 'C:\Users\정의범\Downloads\SSU-main (1)\SSU-main\SSU_Server_Client\x64\Debug\sfml-graphics-s-d.pdb'에서 찾을 수 없습니다. 디버그 정보가 없는 것처럼 개체를 링크합니다.
sfml-window-s-d.lib(Context.cpp.obj) : warning LNK4099: 'sfml-window-s-d.pdb' PDB를 'sfml-window-s-d.lib(Context.cpp.obj)' 또는 'C:\Users\정의범\Downloads\SSU-main (1)\SSU-main\SSU_Server_Client\x64\Debug\sfml-window-s-d.pdb'에서 찾을 수 없습니다. 디버그 정보가 없는 것처럼 개체를 링크합니다.
sfml-window-s-d.lib(Cursor.cpp.obj) : warning LNK4099: 'sfml-window-s-d.pdb' PDB를 'sfml-window-s-d.lib(Cursor.cpp.obj)' 또는 'C:\Users\정의범\Downloads\SSU-main (1)\SSU-main\SSU_Server_Client\x64\Debug\sfml-window-s-d.pdb'에서 찾을 수 없습니다. 디버그 정보가 없는 것처럼 개체를 링크합니다.
sfml-window-s-d.lib(GlContext.cpp.obj) : warning LNK4099: 'sfml-window-s-d.pdb' PDB를 'sfml-window-s-d.lib(GlContext.cpp.obj)' 또는 'C:\Users\정의범\Downloads\SSU-main (1)\SSU-main\SSU_Server_Client\x64\Debug\sfml-window-s-d.pdb'에서 찾을 수 없습니다. 디버그 정보가 없는 것처럼 개체를 링크합니다.
sfml-window-s-d.lib(GlResource.cpp.obj) : warning LNK4099: 'sfml-window-s-d.pdb' PDB를 'sfml-window-s-d.lib(GlResource.cpp.obj)' 또는 'C:\Users\정의범\Downloads\SSU-main (1)\SSU-main\SSU_Server_Client\x64\Debug\sfml-window-s-d.pdb'에서 찾을 수 없습니다. 디버그 정보가 없는 것처럼 개체를 링크합니다.
sfml-window-s-d.lib(Joystick.cpp.obj) : warning LNK4099: 'sfml-window-s-d.pdb' PDB를 'sfml-window-s-d.lib(Joystick.cpp.obj)' 또는 'C:\Users\정의범\Downloads\SSU-main (1)\SSU-main\SSU_Server_Client\x64\Debug\sfml-window-s-d.pdb'에서 찾을 수 없습니다. 디버그 정보가 없는 것처럼 개체를 링크합니다.
sfml-window-s-d.lib(JoystickManager.cpp.obj) : warning LNK4099: 'sfml-window-s-d.pdb' PDB를 'sfml-window-s-d.lib(JoystickManager.cpp.obj)' 또는 'C:\Users\정의범\Downloads\SSU-main (1)\SSU-main\SSU_Server_Client\x64\Debug\sfml-window-s-d.pdb'에서 찾을 수 없습니다. 디버그 정보가 없는 것처럼 개체를 링크합니다.
sfml-window-s-d.lib(SensorManager.cpp.obj) : warning LNK4099: 'sfml-window-s-d.pdb' PDB를 'sfml-window-s-d.lib(SensorManager.cpp.obj)' 또는 'C:\Users\정의범\Downloads\SSU-main (1)\SSU-main\SSU_Server_Client\x64\Debug\sfml-window-s-d.pdb'에서 찾을 수 없습니다. 디버그 정보가 없는 것처럼 개체를 링크합니다.
sfml-window-s-d.lib(VideoMode.cpp.obj) : warning LNK4099: 'sfml-window-s-d.pdb' PDB를 'sfml-window-s-d.lib(VideoMode.cpp.obj)' 또는 'C:\Users\정의범\Downloads\SSU-main (1)\SSU-main\SSU_Server_Client\x64\Debug\sfml-window-s-d.pdb'에서 찾을 수 없습니다. 디버그 정보가 없는 것처럼 개체를 링크합니다.
sfml-window-s-d.lib(Window.cpp.obj) : warning LNK4099: 'sfml-window-s-d.pdb' PDB를 'sfml-window-s-d.lib(Window.cpp.obj)' 또는 'C:\Users\정의범\Downloads\SSU-main (1)\SSU-main\SSU_Server_Client\x64\Debug\sfml-window-s-d.pdb'에서 찾을 수 없습니다. 디버그 정보가 없는 것처럼 개체를 링크합니다.
sfml-window-s-d.lib(WindowImpl.cpp.obj) : warning LNK4099: 'sfml-window-s-d.pdb' PDB를 'sfml-window-s-d.lib(WindowImpl.cpp.obj)' 또는 'C:\Users\정의범\Downloads\SSU-main (1)\SSU-main\SSU_Server_Client\x64\Debug\sfml-window-s-d.pdb'에서 찾을 수 없습니다. 디버그 정보가 없는 것처럼 개체를 링크합니다.
sfml-window-s-d.lib(CursorImpl.cpp.obj) : warning LNK4099: 'sfml-window-s-d.pdb' PDB를 'sfml-window-s-d.lib(CursorImpl.cpp.obj)' 또는 'C:\Users\정의범\Downloads\SSU-main (1)\SSU-main\SSU_Server_Client\x64\Debug\sfml-window-s-d.pdb'에서 찾을 수 없습니다. 디버그 정보가 없는 것처럼 개체를 링크합니다.
sfml-window-s-d.lib(WglContext.cpp.obj) : warning LNK4099: 'sfml-window-s-d.pdb' PDB를 'sfml-window-s-d.lib(WglContext.cpp.obj)' 또는 'C:\Users\정의범\Downloads\SSU-main (1)\SSU-main\SSU_Server_Client\x64\Debug\sfml-window-s-d.pdb'에서 찾을 수 없습니다. 디버그 정보가 없는 것처럼 개체를 링크합니다.
sfml-window-s-d.lib(WglExtensions.cpp.obj) : warning LNK4099: 'sfml-window-s-d.pdb' PDB를 'sfml-window-s-d.lib(WglExtensions.cpp.obj)' 또는 'C:\Users\정의범\Downloads\SSU-main (1)\SSU-main\SSU_Server_Client\x64\Debug\sfml-window-s-d.pdb'에서 찾을 수 없습니다. 디버그 정보가 없는 것처럼 개체를 링크합니다.
sfml-window-s-d.lib(JoystickImpl.cpp.obj) : warning LNK4099: '' PDB를 'sfml-window-s-d.lib(JoystickImpl.cpp.obj)' 또는 ''에서 찾을 수 없습니다. 디버그 정보가 없는 것처럼 개체를 링크합니다.
sfml-window-s-d.lib(SensorImpl.cpp.obj) : warning LNK4099: '' PDB를 'sfml-window-s-d.lib(SensorImpl.cpp.obj)' 또는 ''에서 찾을 수 없습니다. 디버그 정보가 없는 것처럼 개체를 링크합니다.
sfml-window-s-d.lib(VideoModeImpl.cpp.obj) : warning LNK4099: '' PDB를 'sfml-window-s-d.lib(VideoModeImpl.cpp.obj)' 또는 ''에서 찾을 수 없습니다. 디버그 정보가 없는 것처럼 개체를 링크합니다.
sfml-window-s-d.lib(WindowImplWin32.cpp.obj) : warning LNK4099: 'sfml-window-s-d.pdb' PDB를 'sfml-window-s-d.lib(WindowImplWin32.cpp.obj)' 또는 'C:\Users\정의범\Downloads\SSU-main (1)\SSU-main\SSU_Server_Client\x64\Debug\sfml-window-s-d.pdb'에서 찾을 수 없습니다. 디버그 정보가 없는 것처럼 개체를 링크합니다.
sfml-system-s-d.lib(Clock.cpp.obj) : warning LNK4099: 'sfml-system-s-d.pdb' PDB를 'sfml-system-s-d.lib(Clock.cpp.obj)' 또는 'C:\Users\정의범\Downloads\SSU-main (1)\SSU-main\SSU_Server_Client\x64\Debug\sfml-system-s-d.pdb'에서 찾을 수 없습니다. 디버그 정보가 없는 것처럼 개체를 링크합니다.
sfml-system-s-d.lib(Err.cpp.obj) : warning LNK4099: '' PDB를 'sfml-system-s-d.lib(Err.cpp.obj)' 또는 ''에서 찾을 수 없습니다. 디버그 정보가 없는 것처럼 개체를 링크합니다.
sfml-system-s-d.lib(Lock.cpp.obj) : warning LNK4099: 'sfml-system-s-d.pdb' PDB를 'sfml-system-s-d.lib(Lock.cpp.obj)' 또는 'C:\Users\정의범\Downloads\SSU-main (1)\SSU-main\SSU_Server_Client\x64\Debug\sfml-system-s-d.pdb'에서 찾을 수 없습니다. 디버그 정보가 없는 것처럼 개체를 링크합니다.
sfml-system-s-d.lib(Mutex.cpp.obj) : warning LNK4099: '' PDB를 'sfml-system-s-d.lib(Mutex.cpp.obj)' 또는 ''에서 찾을 수 없습니다. 디버그 정보가 없는 것처럼 개체를 링크합니다.
sfml-system-s-d.lib(Sleep.cpp.obj) : warning LNK4099: 'sfml-system-s-d.pdb' PDB를 'sfml-system-s-d.lib(Sleep.cpp.obj)' 또는 'C:\Users\정의범\Downloads\SSU-main (1)\SSU-main\SSU_Server_Client\x64\Debug\sfml-system-s-d.pdb'에서 찾을 수 없습니다. 디버그 정보가 없는 것처럼 개체를 링크합니다.
sfml-system-s-d.lib(String.cpp.obj) : warning LNK4099: 'sfml-system-s-d.pdb' PDB를 'sfml-system-s-d.lib(String.cpp.obj)' 또는 'C:\Users\정의범\Downloads\SSU-main (1)\SSU-main\SSU_Server_Client\x64\Debug\sfml-system-s-d.pdb'에서 찾을 수 없습니다. 디버그 정보가 없는 것처럼 개체를 링크합니다.
sfml-system-s-d.lib(ThreadLocal.cpp.obj) : warning LNK4099: 'sfml-system-s-d.pdb' PDB를 'sfml-system-s-d.lib(ThreadLocal.cpp.obj)' 또는 'C:\Users\정의범\Downloads\SSU-main (1)\SSU-main\SSU_Server_Client\x64\Debug\sfml-system-s-d.pdb'에서 찾을 수 없습니다. 디버그 정보가 없는 것처럼 개체를 링크합니다.
sfml-system-s-d.lib(Time.cpp.obj) : warning LNK4099: '' PDB를 'sfml-system-s-d.lib(Time.cpp.obj)' 또는 ''에서 찾을 수 없습니다. 디버그 정보가 없는 것처럼 개체를 링크합니다.
sfml-system-s-d.lib(ClockImpl.cpp.obj) : warning LNK4099: 'sfml-system-s-d.pdb' PDB를 'sfml-system-s-d.lib(ClockImpl.cpp.obj)' 또는 'C:\Users\정의범\Downloads\SSU-main (1)\SSU-main\SSU_Server_Client\x64\Debug\sfml-system-s-d.pdb'에서 찾을 수 없습니다. 디버그 정보가 없는 것처럼 개체를 링크합니다.
sfml-system-s-d.lib(MutexImpl.cpp.obj) : warning LNK4099: 'sfml-system-s-d.pdb' PDB를 'sfml-system-s-d.lib(MutexImpl.cpp.obj)' 또는 'C:\Users\정의범\Downloads\SSU-main (1)\SSU-main\SSU_Server_Client\x64\Debug\sfml-system-s-d.pdb'에서 찾을 수 없습니다. 디버그 정보가 없는 것처럼 개체를 링크합니다.
sfml-system-s-d.lib(SleepImpl.cpp.obj) : warning LNK4099: 'sfml-system-s-d.pdb' PDB를 'sfml-system-s-d.lib(SleepImpl.cpp.obj)' 또는 'C:\Users\정의범\Downloads\SSU-main (1)\SSU-main\SSU_Server_Client\x64\Debug\sfml-system-s-d.pdb'에서 찾을 수 없습니다. 디버그 정보가 없는 것처럼 개체를 링크합니다.
sfml-system-s-d.lib(ThreadLocalImpl.cpp.obj) : warning LNK4099: 'sfml-system-s-d.pdb' PDB를 'sfml-system-s-d.lib(ThreadLocalImpl.cpp.obj)' 또는 'C:\Users\정의범\Downloads\SSU-main (1)\SSU-main\SSU_Server_Client\x64\Debug\sfml-system-s-d.pdb'에서 찾을 수 없습니다. 디버그 정보가 없는 것처럼 개체를 링크합니다.
sfml-network-s-d.lib(Http.cpp.obj) : warning LNK4099: 'sfml-network-s-d.pdb' PDB를 'sfml-network-s-d.lib(Http.cpp.obj)' 또는 'C:\Users\정의범\Downloads\SSU-main (1)\SSU-main\SSU_Server_Client\x64\Debug\sfml-network-s-d.pdb'에서 찾을 수 없습니다. 디버그 정보가 없는 것처럼 개체를 링크합니다.
sfml-network-s-d.lib(IpAddress.cpp.obj) : warning LNK4099: 'sfml-network-s-d.pdb' PDB를 'sfml-network-s-d.lib(IpAddress.cpp.obj)' 또는 'C:\Users\정의범\Downloads\SSU-main (1)\SSU-main\SSU_Server_Client\x64\Debug\sfml-network-s-d.pdb'에서 찾을 수 없습니다. 디버그 정보가 없는 것처럼 개체를 링크합니다.
sfml-network-s-d.lib(Packet.cpp.obj) : warning LNK4099: 'sfml-network-s-d.pdb' PDB를 'sfml-network-s-d.lib(Packet.cpp.obj)' 또는 'C:\Users\정의범\Downloads\SSU-main (1)\SSU-main\SSU_Server_Client\x64\Debug\sfml-network-s-d.pdb'에서 찾을 수 없습니다. 디버그 정보가 없는 것처럼 개체를 링크합니다.
sfml-network-s-d.lib(Socket.cpp.obj) : warning LNK4099: 'sfml-network-s-d.pdb' PDB를 'sfml-network-s-d.lib(Socket.cpp.obj)' 또는 'C:\Users\정의범\Downloads\SSU-main (1)\SSU-main\SSU_Server_Client\x64\Debug\sfml-network-s-d.pdb'에서 찾을 수 없습니다. 디버그 정보가 없는 것처럼 개체를 링크합니다.
sfml-network-s-d.lib(TcpSocket.cpp.obj) : warning LNK4099: 'sfml-network-s-d.pdb' PDB를 'sfml-network-s-d.lib(TcpSocket.cpp.obj)' 또는 'C:\Users\정의범\Downloads\SSU-main (1)\SSU-main\SSU_Server_Client\x64\Debug\sfml-network-s-d.pdb'에서 찾을 수 없습니다. 디버그 정보가 없는 것처럼 개체를 링크합니다.
sfml-network-s-d.lib(SocketImpl.cpp.obj) : warning LNK4099: 'sfml-network-s-d.pdb' PDB를 'sfml-network-s-d.lib(SocketImpl.cpp.obj)' 또는 'C:\Users\정의범\Downloads\SSU-main (1)\SSU-main\SSU_Server_Client\x64\Debug\sfml-network-s-d.pdb'에서 찾을 수 없습니다. 디버그 정보가 없는 것처럼 개체를 링크합니다.
  client_sample.vcxproj -> C:\Users\정의범\Downloads\SSU-main (1)\SSU-main\SSU_Server_Client\x64\Debug\client_sample.exe
