LINK : warning LNK4098: 'LIBCMT' defaultlib가 다른 라이브러리와 충돌합니다. /NODEFAULTLIB:library를 사용하십시오.
Gaia.obj : error LNK2019: "void __cdecl send_move_packet(class Player *,class Npc *,int)" (?send_move_packet@@YAXPEAVPlayer@@PEAVNpc@@H@Z)"public: void __cdecl Gaia::boss_move(void)" (?boss_move@Gaia@@QEAAXXZ) 함수에서 참조되는 확인할 수 없는 외부 기호
Partner.obj : error LNK2001: 확인할 수 없는 외부 기호 "void __cdecl send_move_packet(class Player *,class Npc *,int)" (?send_move_packet@@YAXPEAVPlayer@@PEAVNpc@@H@Z)
Gaia.obj : error LNK2019: "void __cdecl send_put_object_packet(class Player *,class Npc *)" (?send_put_object_packet@@YAXPEAVPlayer@@PEAVNpc@@@Z)"public: void __cdecl Gaia::game_start(void)" (?game_start@Gaia@@QEAAXXZ) 함수에서 참조되는 확인할 수 없는 외부 기호
Gaia.obj : error LNK2019: "void __cdecl send_dead_packet(class Player *,class Npc *,class Npc *)" (?send_dead_packet@@YAXPEAVPlayer@@PEAVNpc@@1@Z)"public: void __cdecl Gaia::player_death(class Player *)" (?player_death@Gaia@@QEAAXPEAVPlayer@@@Z) 함수에서 참조되는 확인할 수 없는 외부 기호
Gaia.obj : error LNK2019: "void __cdecl send_look_packet(class Player *,class Npc *)" (?send_look_packet@@YAXPEAVPlayer@@PEAVNpc@@@Z)"public: void __cdecl Gaia::boss_move(void)" (?boss_move@Gaia@@QEAAXXZ) 함수에서 참조되는 확인할 수 없는 외부 기호
Gaia.obj : error LNK2019: "void __cdecl send_change_hp_packet(class Player *,class Npc *)" (?send_change_hp_packet@@YAXPEAVPlayer@@PEAVNpc@@@Z)"public: void __cdecl Gaia::judge_pattern_two_leftup(class Player *,int)" (?judge_pattern_two_leftup@Gaia@@QEAAXPEAVPlayer@@H@Z) 함수에서 참조되는 확인할 수 없는 외부 기호
Partner.obj : error LNK2001: 확인할 수 없는 외부 기호 "void __cdecl send_change_hp_packet(class Player *,class Npc *)" (?send_change_hp_packet@@YAXPEAVPlayer@@PEAVNpc@@@Z)
Gaia.obj : error LNK2019: "void __cdecl send_start_gaia_packet(class Player *,int *)" (?send_start_gaia_packet@@YAXPEAVPlayer@@PEAH@Z)"public: void __cdecl Gaia::game_start(void)" (?game_start@Gaia@@QEAAXXZ) 함수에서 참조되는 확인할 수 없는 외부 기호
Gaia.obj : error LNK2019: "void __cdecl send_gaia_pattern_one_packet(class Player *,struct std::pair<int,int> *)" (?send_gaia_pattern_one_packet@@YAXPEAVPlayer@@PEAU?$pair@HH@std@@@Z)"public: void __cdecl Gaia::boss_attack(void)" (?boss_attack@Gaia@@QEAAXXZ) 함수에서 참조되는 확인할 수 없는 외부 기호
Gaia.obj : error LNK2019: "void __cdecl send_gaia_pattern_two_packet(class Player *,struct std::pair<int,int> *,int)" (?send_gaia_pattern_two_packet@@YAXPEAVPlayer@@PEAU?$pair@HH@std@@H@Z)"public: void __cdecl Gaia::boss_attack(void)" (?boss_attack@Gaia@@QEAAXXZ) 함수에서 참조되는 확인할 수 없는 외부 기호
Gaia.obj : error LNK2019: "void __cdecl send_gaia_pattern_five_packet(class Player *,struct std::pair<int,int> *)" (?send_gaia_pattern_five_packet@@YAXPEAVPlayer@@PEAU?$pair@HH@std@@@Z)"public: void __cdecl Gaia::boss_attack(void)" (?boss_attack@Gaia@@QEAAXXZ) 함수에서 참조되는 확인할 수 없는 외부 기호
Gaia.obj : error LNK2019: "void __cdecl send_gaia_pattern_finish_packet(class Player *,int)" (?send_gaia_pattern_finish_packet@@YAXPEAVPlayer@@H@Z)"public: void __cdecl Gaia::pattern_active(int)" (?pattern_active@Gaia@@QEAAXH@Z) 함수에서 참조되는 확인할 수 없는 외부 기호
Gaia.obj : error LNK2019: "void __cdecl send_change_death_count_packet(class Player *,int)" (?send_change_death_count_packet@@YAXPEAVPlayer@@H@Z)"public: void __cdecl Gaia::player_death(class Player *)" (?player_death@Gaia@@QEAAXPEAVPlayer@@@Z) 함수에서 참조되는 확인할 수 없는 외부 기호
Gaia.obj : error LNK2019: "void __cdecl send_notice(class Player *,char const *,int)" (?send_notice@@YAXPEAVPlayer@@PEBDH@Z)"public: void __cdecl Gaia::join_player(class Player *)" (?join_player@Gaia@@QEAAXPEAVPlayer@@@Z) 함수에서 참조되는 확인할 수 없는 외부 기호
Gaia.obj : error LNK2001: 확인할 수 없는 외부 기호 "class Concurrency::concurrent_priority_queue<struct timer_event,struct std::less<struct timer_event>,class std::allocator<struct timer_event> > timer_queue" (?timer_queue@@3V?$concurrent_priority_queue@Utimer_event@@U?$less@Utimer_event@@@std@@V?$allocator@Utimer_event@@@3@@Concurrency@@A)
Partner.obj : error LNK2001: 확인할 수 없는 외부 기호 "class Concurrency::concurrent_priority_queue<struct timer_event,struct std::less<struct timer_event>,class std::allocator<struct timer_event> > timer_queue" (?timer_queue@@3V?$concurrent_priority_queue@Utimer_event@@U?$less@Utimer_event@@@std@@V?$allocator@Utimer_event@@@3@@Concurrency@@A)
Partner.obj : error LNK2019: "void __cdecl send_change_mp_packet(class Player *,class Npc *)" (?send_change_mp_packet@@YAXPEAVPlayer@@PEAVNpc@@@Z)"public: void __cdecl Partner::partner_attack(class Partner *,class Gaia *)" (?partner_attack@Partner@@QEAAXPEAV1@PEAVGaia@@@Z) 함수에서 참조되는 확인할 수 없는 외부 기호
Partner.obj : error LNK2019: "void __cdecl send_play_shoot_packet(class Player *)" (?send_play_shoot_packet@@YAXPEAVPlayer@@@Z)"public: void __cdecl Partner::partner_attack(class Partner *,class Gaia *)" (?partner_attack@Partner@@QEAAXPEAV1@PEAVGaia@@@Z) 함수에서 참조되는 확인할 수 없는 외부 기호
Partner.obj : error LNK2019: "void __cdecl send_play_effect_packet(class Player *,class Npc *)" (?send_play_effect_packet@@YAXPEAVPlayer@@PEAVNpc@@@Z)"public: void __cdecl Partner::partner_attack(class Partner *,class Gaia *)" (?partner_attack@Partner@@QEAAXPEAV1@PEAVGaia@@@Z) 함수에서 참조되는 확인할 수 없는 외부 기호
Partner.obj : error LNK2019: "void __cdecl send_buff_ui_packet(class Player *,int)" (?send_buff_ui_packet@@YAXPEAVPlayer@@H@Z)"public: void __cdecl Partner::partner_attack(class Partner *,class Gaia *)" (?partner_attack@Partner@@QEAAXPEAV1@PEAVGaia@@@Z) 함수에서 참조되는 확인할 수 없는 외부 기호
Partner.obj : error LNK2019: "void __cdecl send_animation_attack(class Player *,int)" (?send_animation_attack@@YAXPEAVPlayer@@H@Z)"public: void __cdecl Partner::attack_success(class Partner *,class Gaia *,float)" (?attack_success@Partner@@QEAAXPEAV1@PEAVGaia@@M@Z) 함수에서 참조되는 확인할 수 없는 외부 기호
Partner.obj : error LNK2019: "void __cdecl send_animation_skill(class Player *,int,int)" (?send_animation_skill@@YAXPEAVPlayer@@HH@Z)"public: void __cdecl Partner::partner_attack(class Partner *,class Gaia *)" (?partner_attack@Partner@@QEAAXPEAV1@PEAVGaia@@@Z) 함수에서 참조되는 확인할 수 없는 외부 기호
C:\Users\ASIAS\source\repos\SSUServer\x64\Debug\SSUServer.exe : fatal error LNK1120: 19개의 확인할 수 없는 외부 참조입니다.
